<?xml version="1.0" encoding="UTF-8"?>
<testng-results skipped="0" failed="0" ignored="0" total="2" passed="2">
  <reporter-output>
  </reporter-output>
  <suite name="com.masteringselenium.demo.BasicTest" duration-ms="26615" started-at="2018-11-02T21:30:40Z" finished-at="2018-11-02T21:31:07Z">
    <groups>
    </groups>
    <test name="Command line test" duration-ms="26615" started-at="2018-11-02T21:30:40Z" finished-at="2018-11-02T21:31:07Z">
      <class name="com.masteringselenium.demo.BasicTest">
        <test-method status="PASS" signature="googleCheeseSearch()[pri:0, instance:com.masteringselenium.demo.BasicTest@2c6a3f77]" name="googleCheeseSearch" duration-ms="13386" started-at="2018-11-02T21:30:40Z" finished-at="2018-11-02T21:30:54Z">
          <reporter-output>
          </reporter-output>
        </test-method> <!-- googleCheeseSearch -->
        <test-method status="PASS" signature="googleMilkSearch()[pri:0, instance:com.masteringselenium.demo.BasicTest@2c6a3f77]" name="googleMilkSearch" duration-ms="13145" started-at="2018-11-02T21:30:54Z" finished-at="2018-11-02T21:31:07Z">
          <reporter-output>
          </reporter-output>
        </test-method> <!-- googleMilkSearch -->
      </class> <!-- com.masteringselenium.demo.BasicTest -->
    </test> <!-- Command line test -->
  </suite> <!-- com.masteringselenium.demo.BasicTest -->
</testng-results>
